<?xml version="1.0" encoding="UTF-8"?>
<!-- Generated by org.testng.reporters.JUnitXMLReporter -->
<testsuite ignored="0" hostname="Pallavi" failures="0" tests="1" name="Test" time="5.263" errors="0" timestamp="2026-06-24T10:57:24 IST">
  <testcase classname="testNG.BaseClass" name="@BeforeMethod login" time="0.0">
    <failure type="java.lang.Error" message="Unresolved compilation problem: 
	Syntax error, insert &amp;quot;;&amp;quot; to complete Statement
">
      <![CDATA[java.lang.Error: Unresolved compilation problem: 
Syntax error, insert ";" to complete Statement

at testNG.BaseClass.login(BaseClass.java:29)
at java.base/java.util.ArrayList.forEach(ArrayList.java:1596)
... Removed 29 stack frames]]>
    </failure>
  </testcase> <!-- @BeforeMethod login -->
  <testcase classname="testNG.TestScript1" name="clickOnBooks" time="0.003">
    <skipped/>
  </testcase> <!-- clickOnBooks -->
</testsuite> <!-- Test -->
